#
# There is insufficient memory for the Java Runtime Environment to continue.
# Native memory allocation (mmap) failed to map 132120576 bytes for G1 virtual space
# Possible reasons:
#   The system is out of physical RAM or swap space
#   The process is running with CompressedOops enabled, and the Java Heap may be blocking the growth of the native heap
# Possible solutions:
#   Reduce memory load on the system
#   Increase physical memory or swap space
#   Check if swap backing store is full
#   Decrease Java heap size (-Xmx/-Xms)
#   Decrease number of Java threads
#   Decrease Java thread stack sizes (-Xss)
#   Set larger code cache with -XX:ReservedCodeCacheSize=
#   JVM is running with Unscaled Compressed Oops mode in which the Java heap is
#     placed in the first 4GB address space. The Java Heap base address is the
#     maximum limit for the native heap growth. Please use -XX:HeapBaseMinAddress
#     to set the Java Heap base and to place the Java Heap above 4GB virtual address.
# This output file may be truncated or incomplete.
#
#  Out of Memory Error (os_windows.cpp:3528), pid=14928, tid=23356
#
# JRE version:  (20.0.2+9) (build )
# Java VM: Java HotSpot(TM) 64-Bit Server VM (20.0.2+9-78, mixed mode, sharing, tiered, compressed oops, compressed class ptrs, g1 gc, windows-amd64)
# No core dump will be written. Minidumps are not enabled by default on client versions of Windows
#

---------------  S U M M A R Y ------------

Command Line: -Dfile.encoding=UTF-8 -XX:+ShowCodeDetailsInExceptionMessages utilities.App

Host: Intel(R) Core(TM) i3-7020U CPU @ 2.30GHz, 4 cores, 7G,  Windows 10 , 64 bit Build 19041 (10.0.19041.3636)
Time: Sun Dec  3 19:48:16 2023 Eastern Standard Time elapsed time: 0.040783 seconds (0d 0h 0m 0s)

---------------  T H R E A D  ---------------

Current thread (0x000001686309a630):  JavaThread "Unknown thread" [_thread_in_vm, id=23356, stack(0x0000001013c00000,0x0000001013d00000)]

Stack: [0x0000001013c00000,0x0000001013d00000]
Native frames: (J=compiled Java code, j=interpreted, Vv=VM code, C=native code)
V  [jvm.dll+0x6bc25a]
V  [jvm.dll+0x84971a]
V  [jvm.dll+0x84b315]
V  [jvm.dll+0x84ba13]
V  [jvm.dll+0x280e4f]
V  [jvm.dll+0x6b8fe9]
V  [jvm.dll+0x6adbca]
V  [jvm.dll+0x35b165]
V  [jvm.dll+0x363386]
V  [jvm.dll+0x3b400e]
V  [jvm.dll+0x3b4295]
V  [jvm.dll+0x32b86a]
V  [jvm.dll+0x32c68b]
V  [jvm.dll+0x8123df]
V  [jvm.dll+0x3c1261]
V  [jvm.dll+0x7fe103]
V  [jvm.dll+0x44ccaf]
V  [jvm.dll+0x44e621]
C  [jli.dll+0x5287]
C  [ucrtbase.dll+0x21bb2]
C  [KERNEL32.DLL+0x17344]
C  [ntdll.dll+0x526b1]


---------------  P R O C E S S  ---------------

Threads class SMR info:
_java_thread_list=0x00007ff99c39b118, length=0, elements={
}

Java Threads: ( => current thread )

Other Threads:
  0x00000168630fa420 WorkerThread "GC Thread#0" [stack: 0x0000001013d00000,0x0000001013e00000] [id=11424]
  0x000001686310d7a0 ConcurrentGCThread "G1 Main Marker" [stack: 0x0000001013e00000,0x0000001013f00000] [id=12932]
  0x000001686310e0e0 WorkerThread "G1 Conc#0" [stack: 0x0000001013f00000,0x0000001014000000] [id=20640]

[error occurred during error reporting (printing all threads), id 0xc0000005, EXCEPTION_ACCESS_VIOLATION (0xc0000005) at pc=0x00007ff99bb7eea7]
VM state: not at safepoint (not fully initialized)

VM Mutex/Monitor currently owned by a thread:  ([mutex/lock_event])
[0x0000016863095210] Heap_lock - owner thread: 0x000001686309a630

Heap address: 0x0000000082000000, size: 2016 MB, Compressed Oops mode: 32-bit

CDS archive(s) mapped at: [0x0000000000000000-0x0000000000000000-0x0000000000000000), size 0, SharedBaseAddress: 0x0000000800000000, ArchiveRelocationMode: 1.
Narrow klass base: 0x0000000000000000, Narrow klass shift: 0, Narrow klass range: 0x0

GC Precious Log:
 CardTable entry size: 512
 Card Set container configuration: InlinePtr #cards 5 size 8 Array Of Cards #cards 12 size 40 Howl #buckets 4 coarsen threshold 1843 Howl Bitmap #cards 512 size 80 coarsen threshold 460 Card regions per heap region 1 cards per card region 2048

Heap:
 garbage-first heap   total 0K, used 0K [0x0000000082000000, 0x0000000100000000)
  region size 1024K, 0 young (0K), 0 survivors (0K)

[error occurred during error reporting (printing heap information), id 0xc0000005, EXCEPTION_ACCESS_VIOLATION (0xc0000005) at pc=0x00007ff99bf547b9]
GC Heap History (0 events):
No events

Dll operation events (1 events):
Event: 0.026 Loaded shared library C:\Program Files\Java\jdk-20\bin\java.dll

Deoptimization events (0 events):
No events

Classes loaded (0 events):
No events

Classes unloaded (0 events):
No events

Classes redefined (0 events):
No events

Internal exceptions (0 events):
No events

VM Operations (0 events):
No events

Events (0 events):
No events


Dynamic libraries:
0x00007ff70a850000 - 0x00007ff70a860000 	C:\Program Files\Java\jdk-20\bin\javaw.exe
0x00007ff9fbc90000 - 0x00007ff9fbe88000 	C:\Windows\SYSTEM32\ntdll.dll
0x00007ff9fb540000 - 0x00007ff9fb5fd000 	C:\Windows\System32\KERNEL32.DLL
0x00007ff9f9640000 - 0x00007ff9f9936000 	C:\Windows\System32\KERNELBASE.dll
0x00007ff9f9a90000 - 0x00007ff9f9b90000 	C:\Windows\System32\ucrtbase.dll
0x00007ff9f1630000 - 0x00007ff9f1649000 	C:\Program Files\Java\jdk-20\bin\jli.dll
0x00007ff9fa930000 - 0x00007ff9fa9df000 	C:\Windows\System32\ADVAPI32.dll
0x00007ff9fb440000 - 0x00007ff9fb4de000 	C:\Windows\System32\msvcrt.dll
0x00007ff9fa5d0000 - 0x00007ff9fa66c000 	C:\Windows\System32\sechost.dll
0x00007ff9f9cf0000 - 0x00007ff9f9e16000 	C:\Windows\System32\RPCRT4.dll
0x00007ff9fa670000 - 0x00007ff9fa80e000 	C:\Windows\System32\USER32.dll
0x00007ff9f9940000 - 0x00007ff9f9962000 	C:\Windows\System32\win32u.dll
0x00007ff9f9e20000 - 0x00007ff9f9e4c000 	C:\Windows\System32\GDI32.dll
0x00007ff9f9970000 - 0x00007ff9f9a8a000 	C:\Windows\System32\gdi32full.dll
0x00007ff9f9c00000 - 0x00007ff9f9c9d000 	C:\Windows\System32\msvcp_win.dll
0x00007ff9f1610000 - 0x00007ff9f162b000 	C:\Program Files\Java\jdk-20\bin\VCRUNTIME140.dll
0x00007ff9e1780000 - 0x00007ff9e1a1a000 	C:\Windows\WinSxS\amd64_microsoft.windows.common-controls_6595b64144ccf1df_6.0.19041.3636_none_60b6a03d71f818d5\COMCTL32.dll
0x00007ff9f2f30000 - 0x00007ff9f2f3a000 	C:\Windows\SYSTEM32\VERSION.dll
0x00007ff9fa810000 - 0x00007ff9fa840000 	C:\Windows\System32\IMM32.DLL
0x00007ff9f1600000 - 0x00007ff9f160c000 	C:\Program Files\Java\jdk-20\bin\vcruntime140_1.dll
0x00007ff9d6850000 - 0x00007ff9d68de000 	C:\Program Files\Java\jdk-20\bin\msvcp140.dll
0x00007ff99b840000 - 0x00007ff99c4d8000 	C:\Program Files\Java\jdk-20\bin\server\jvm.dll
0x00007ff9e6f90000 - 0x00007ff9e6f99000 	C:\Windows\SYSTEM32\WSOCK32.dll
0x00007ff9fb1b0000 - 0x00007ff9fb21b000 	C:\Windows\System32\WS2_32.dll
0x00007ff9e4c90000 - 0x00007ff9e4cb7000 	C:\Windows\SYSTEM32\WINMM.dll
0x00007ff9f7bf0000 - 0x00007ff9f7c02000 	C:\Windows\SYSTEM32\kernel.appcore.dll
0x00007ff9d3f30000 - 0x00007ff9d3f3a000 	C:\Program Files\Java\jdk-20\bin\jimage.dll
0x00007ff9f7120000 - 0x00007ff9f7304000 	C:\Windows\SYSTEM32\DBGHELP.DLL
0x00007ff9d7a30000 - 0x00007ff9d7a64000 	C:\Windows\SYSTEM32\dbgcore.DLL
0x00007ff9f95b0000 - 0x00007ff9f9632000 	C:\Windows\System32\bcryptPrimitives.dll
0x00007ff9d3f00000 - 0x00007ff9d3f26000 	C:\Program Files\Java\jdk-20\bin\java.dll

dbghelp: loaded successfully - version: 4.0.5 - missing functions: none
symbol engine: initialized successfully - sym options: 0x614 - pdb path: .;C:\Program Files\Java\jdk-20\bin;C:\Windows\SYSTEM32;C:\Windows\WinSxS\amd64_microsoft.windows.common-controls_6595b64144ccf1df_6.0.19041.3636_none_60b6a03d71f818d5;C:\Program Files\Java\jdk-20\bin\server

VM Arguments:
jvm_args: -Dfile.encoding=UTF-8 -XX:+ShowCodeDetailsInExceptionMessages 
java_command: utilities.App
java_class_path (initial): F:\@ MAC\ACC\ACC_Project\FitFinder\target\classes;C:\Users\bhaut\.m2\repository\org\jsoup\jsoup\1.16.2\jsoup-1.16.2.jar
Launcher Type: SUN_STANDARD

[Global flags]
     intx CICompilerCount                          = 3                                         {product} {ergonomic}
     uint ConcGCThreads                            = 1                                         {product} {ergonomic}
     uint G1ConcRefinementThreads                  = 4                                         {product} {ergonomic}
   size_t G1HeapRegionSize                         = 1048576                                   {product} {ergonomic}
    uintx GCDrainStackTargetSize                   = 64                                        {product} {ergonomic}
   size_t InitialHeapSize                          = 132120576                                 {product} {ergonomic}
   size_t MarkStackSize                            = 4194304                                   {product} {ergonomic}
   size_t MaxHeapSize                              = 2113929216                                {product} {ergonomic}
   size_t MinHeapDeltaBytes                        = 1048576                                   {product} {ergonomic}
   size_t MinHeapSize                              = 8388608                                   {product} {ergonomic}
    uintx NonNMethodCodeHeapSize                   = 5832780                                {pd product} {ergonomic}
    uintx NonProfiledCodeHeapSize                  = 122912730                              {pd product} {ergonomic}
    uintx ProfiledCodeHeapSize                     = 122912730                              {pd product} {ergonomic}
    uintx ReservedCodeCacheSize                    = 251658240                              {pd product} {ergonomic}
     bool SegmentedCodeCache                       = true                                      {product} {ergonomic}
     bool ShowCodeDetailsInExceptionMessages       = true                                   {manageable} {command line}
   size_t SoftMaxHeapSize                          = 2113929216                             {manageable} {ergonomic}
     bool UseCompressedClassPointers               = true                           {product lp64_product} {ergonomic}
     bool UseCompressedOops                        = true                           {product lp64_product} {ergonomic}
     bool UseG1GC                                  = true                                      {product} {ergonomic}
     bool UseLargePagesIndividualAllocation        = false                                  {pd product} {ergonomic}

Logging:
Log output configuration:
 #0: stdout all=warning uptime,level,tags foldmultilines=false
 #1: stderr all=off uptime,level,tags foldmultilines=false

Environment Variables:
PATH=C:/Program Files/Java/jdk-20/bin/server;C:/Program Files/Java/jdk-20/bin;C:\Windows\system32;C:\Windows;C:\Windows\System32\Wbem;C:\Windows\System32\WindowsPowerShell\v1.0\;C:\Windows\System32\OpenSSH\;C:\Program Files\Microsoft VS Code\bin;C:\Program Files\dotnet\;C:\Program Files\Microsoft SQL Server\130\Tools\Binn\;C:\Program Files\Git\cmd;C:\Program Files (x86)\Intel\Intel(R) Management Engine Components\DAL;C:\Program Files\Intel\Intel(R) Management Engine Components\DAL;C:\Program Files\Microsoft SQL Server\150\Tools\Binn\;C:\Program Files\Java\jdk-20\bin;F:\OTHERS\Softwares\chromedriver-win64;C:\Windows\system32;C:\Windows;C:\Windows\System32\Wbem;C:\Windows\System32\WindowsPowerShell\v1.0\;C:\Windows\System32\OpenSSH\;C:\Program Files\Microsoft VS Code\bin;C:\Program Files\dotnet\;C:\Program Files\Microsoft SQL Server\130\Tools\Binn\;C:\Program Files\Git\cmd;C:\Program Files (x86)\Intel\Intel(R) Management Engine Components\DAL;C:\Program Files\Intel\Intel(R) Management Engine Components\DAL;C:\Program Files\Microsoft SQL Server\150\Tools\Binn\;C:\Program Files\Java\jdk-20\bin;F:\OTHERS\Softwares\chromedriver-win64;C:\Users\bhaut\AppData\Local\Microsoft\WindowsApps;C:\Program Files\PostgreSQL\10\bin;C:\Program Files\PostgreSQL\10\lib;C:\Program Files (x86)\Microsoft Visual Studio\Shared\Python39_64\Scripts;F:\OTHERS\Softwares\chromedriver-win64;;F:\OTHERS\Softwares\chromedriver-win64;C:\Users\bhaut\OneDrive\Desktop;
USERNAME=BS2902
OS=Windows_NT
PROCESSOR_IDENTIFIER=Intel64 Family 6 Model 142 Stepping 9, GenuineIntel
TMP=C:\Users\bhaut\AppData\Local\Temp
TEMP=C:\Users\bhaut\AppData\Local\Temp




---------------  S Y S T E M  ---------------

OS:
 Windows 10 , 64 bit Build 19041 (10.0.19041.3636)
OS uptime: 3 days 8:28 hours

CPU: total 4 (initial active 4) (2 cores per cpu, 2 threads per core) family 6 model 142 stepping 9 microcode 0xf0, cx8, cmov, fxsr, ht, mmx, 3dnowpref, sse, sse2, sse3, ssse3, sse4.1, sse4.2, popcnt, lzcnt, tsc, tscinvbit, avx, avx2, aes, erms, clmul, bmi1, bmi2, adx, fma, vzeroupper, clflush, clflushopt, rdtscp, f16c

Memory: 4k page, system-wide physical 8057M (676M free)
TotalPageFile size 22151M (AvailPageFile size 96M)
current process WorkingSet (physical memory assigned to process): 10M, peak: 10M
current process commit charge ("private bytes"): 51M, peak: 177M

vm_info: Java HotSpot(TM) 64-Bit Server VM (20.0.2+9-78) for windows-amd64 JRE (20.0.2+9-78), built on 2023-06-14T10:08:48Z by "mach5one" with MS VC++ 17.1 (VS2022)

END.
